{"D:\\Learning\\Node.js_essential_training\\nodejs-essential-training\\10-1-testing-with-mocha-and-chai\\lib\\tools.js":{"path":"D:\\Learning\\Node.js_essential_training\\nodejs-essential-training\\10-1-testing-with-mocha-and-chai\\lib\\tools.js","s":{"1":1,"2":1,"3":0,"4":0,"5":0,"6":0,"7":0,"8":0,"9":0,"10":0,"11":0},"b":{},"f":{"1":0,"2":0},"fnMap":{"1":{"name":"(anonymous_1)","line":5,"loc":{"start":{"line":5,"column":11},"end":{"line":5,"column":29}}},"2":{"name":"(anonymous_2)","line":9,"loc":{"start":{"line":9,"column":10},"end":{"line":9,"column":38}}}},"statementMap":{"1":{"start":{"line":1,"column":0},"end":{"line":1,"column":30}},"2":{"start":{"line":3,"column":0},"end":{"line":25,"column":1}},"3":{"start":{"line":6,"column":4},"end":{"line":6,"column":30}},"4":{"start":{"line":10,"column":4},"end":{"line":10,"column":64}},"5":{"start":{"line":11,"column":4},"end":{"line":23,"column":6}},"6":{"start":{"line":12,"column":6},"end":{"line":12,"column":19}},"7":{"start":{"line":14,"column":6},"end":{"line":14,"column":30}},"8":{"start":{"line":16,"column":6},"end":{"line":18,"column":8}},"9":{"start":{"line":17,"column":8},"end":{"line":17,"column":21}},"10":{"start":{"line":20,"column":6},"end":{"line":22,"column":8}},"11":{"start":{"line":21,"column":8},"end":{"line":21,"column":22}}},"branchMap":{}}}