TN:
SF:D:\Learning\Node.js_essential_training\nodejs-essential-training\10-1-testing-with-mocha-and-chai\lib\order.js
FN:4,findItem
FN:5,(anonymous_1)
FN:14,isInStock
FN:19,order
FN:20,(anonymous_4)
FN:23,(anonymous_5)
FNF:6
FNH:5
FNDA:4,findItem
FNDA:12,(anonymous_1)
FNDA:4,isInStock
FNDA:4,order
FNDA:0,(anonymous_4)
FNDA:3,(anonymous_5)
DA:1,1
DA:2,1
DA:5,12
DA:6,4
DA:7,1
DA:8,1
DA:10,3
DA:15,4
DA:16,4
DA:20,4
DA:21,4
DA:22,3
DA:23,3
DA:24,3
DA:25,3
DA:27,3
DA:29,1
DA:30,1
DA:34,1
LF:19
LH:19
BRDA:6,0,0,1
BRDA:6,0,1,3
BRDA:16,1,0,4
BRDA:16,1,1,3
BRDA:20,2,0,4
BRDA:20,2,1,1
BRDA:21,3,0,3
BRDA:21,3,1,1
BRF:8
BRH:8
end_of_record
TN:
SF:D:/Learning/Node.js_essential_training/nodejs-essential-training/10-1-testing-with-mocha-and-chai/lib/tools.js
FN:11,(anonymous_0)
FN:16,(anonymous_1)
FN:20,(anonymous_2)
FNF:3
FNH:3
FNDA:1,(anonymous_0)
FNDA:1,(anonymous_1)
FNDA:1,(anonymous_2)
DA:1,1
DA:3,1
DA:6,1
DA:10,1
DA:11,1
DA:12,1
DA:14,1
DA:16,1
DA:17,1
DA:20,1
DA:21,1
LF:11
LH:11
BRF:0
BRH:0
end_of_record
TN:
SF:D:/Learning/Node.js_essential_training/nodejs-essential-training/10-1-testing-with-mocha-and-chai/lib/warehouse.js
FNF:0
FNH:0
DA:1,1
DA:5,0
DA:24,0
LF:3
LH:1
BRF:0
BRH:0
end_of_record
